<?xml version="1.0" encoding="UTF-8"?>
<!-- Generated by org.testng.reporters.JUnitXMLReporter -->
<testsuite ignored="0" hostname="LAPTOP-FUMA0RKK" failures="0" tests="5" name="Surefire test" time="348.109" errors="0" timestamp="2023-11-16T11:59:41 EST">
  <testcase classname="example.NewTest" name="testLoginNE" time="113.742"/>
  <testcase classname="example.NewTest" name="test2" time="120.193"/>
  <testcase classname="example.NewTest" name="test3" time="9.146"/>
  <testcase classname="example.NewTest" name="test4" time="33.73"/>
  <testcase classname="example.NewTest" name="test5" time="71.182"/>
</testsuite> <!-- Surefire test -->
