<?xml version="1.0" encoding="UTF-8"?>
<testsuite xmlns:xsi="http://www.w3.org/2001/XMLSchema-instance" xsi:noNamespaceSchemaLocation="https://maven.apache.org/surefire/maven-surefire-plugin/xsd/surefire-test-report.xsd" name="example.NewTest" time="348.437" tests="5" errors="0" skipped="0" failures="0">
  <properties>
[...]
</properties>
  <testcase name="testLoginNE" classname="example.NewTest" time="113.741"/>
  <testcase name="test2" classname="example.NewTest" time="120.193"/>
  <testcase name="test3" classname="example.NewTest" time="9.146"/>
  <testcase name="test4" classname="example.NewTest" time="33.73"/>
  <testcase name="test5" classname="example.NewTest" time="71.182"/>
</testsuite>